d:\паша\c++ projects\лабы по япам\лаба 5\notepad\notepad\x64\debug\mainwindow.obj
d:\паша\c++ projects\лабы по япам\лаба 5\notepad\notepad\x64\debug\highlighter.obj
d:\паша\c++ projects\лабы по япам\лаба 5\notepad\notepad\x64\debug\main.obj
d:\паша\c++ projects\лабы по япам\лаба 5\notepad\notepad\x64\debug\codeeditor.obj
d:\паша\c++ projects\лабы по япам\лаба 5\notepad\notepad\x64\debug\moc_highlighter.obj
d:\паша\c++ projects\лабы по япам\лаба 5\notepad\notepad\x64\debug\moc_mainwindow.obj
d:\паша\c++ projects\лабы по япам\лаба 5\notepad\notepad\x64\debug\moc_codeeditor.obj
d:\паша\c++ projects\лабы по япам\лаба 5\notepad\notepad\x64\debug\qrc_mainwindow.obj
d:\паша\c++ projects\лабы по япам\лаба 5\notepad\notepad\x64\debug\vc142.pdb
d:\паша\c++ projects\лабы по япам\лаба 5\notepad\x64\debug\notepad.exe
d:\паша\c++ projects\лабы по япам\лаба 5\notepad\x64\debug\notepad.ilk
d:\паша\c++ projects\лабы по япам\лаба 5\notepad\x64\debug\notepad.pdb
d:\паша\c++ projects\лабы по япам\лаба 5\notepad\notepad\x64\debug\moc\moc_mainwindow.cpp
d:\паша\c++ projects\лабы по япам\лаба 5\notepad\notepad\x64\debug\moc\moc_codeeditor.cpp
d:\паша\c++ projects\лабы по япам\лаба 5\notepad\notepad\x64\debug\moc\moc_highlighter.cpp
d:\паша\c++ projects\лабы по япам\лаба 5\notepad\notepad\x64\debug\uic\ui_highlighter.h
d:\паша\c++ projects\лабы по япам\лаба 5\notepad\notepad\x64\debug\uic\ui_mainwindow.h
d:\паша\c++ projects\лабы по япам\лаба 5\notepad\notepad\x64\debug\rcc\qrc_mainwindow.cpp
d:\паша\c++ projects\лабы по япам\лаба 5\notepad\notepad\x64\debug\notepad.tlog\cl.command.1.tlog
d:\паша\c++ projects\лабы по япам\лаба 5\notepad\notepad\x64\debug\notepad.tlog\cl.read.1.tlog
d:\паша\c++ projects\лабы по япам\лаба 5\notepad\notepad\x64\debug\notepad.tlog\cl.write.1.tlog
d:\паша\c++ projects\лабы по япам\лаба 5\notepad\notepad\x64\debug\notepad.tlog\link.command.1.tlog
d:\паша\c++ projects\лабы по япам\лаба 5\notepad\notepad\x64\debug\notepad.tlog\link.read.1.tlog
d:\паша\c++ projects\лабы по япам\лаба 5\notepad\notepad\x64\debug\notepad.tlog\link.write.1.tlog
d:\паша\c++ projects\лабы по япам\лаба 5\notepad\notepad\x64\debug\notepad.tlog\moc.read.1u.tlog
d:\паша\c++ projects\лабы по япам\лаба 5\notepad\notepad\x64\debug\notepad.tlog\moc.write.1u.tlog
d:\паша\c++ projects\лабы по япам\лаба 5\notepad\notepad\x64\debug\notepad.tlog\notepad.write.1u.tlog
d:\паша\c++ projects\лабы по япам\лаба 5\notepad\notepad\x64\debug\notepad.tlog\rcc.read.1u.tlog
d:\паша\c++ projects\лабы по япам\лаба 5\notepad\notepad\x64\debug\notepad.tlog\rcc.write.1u.tlog
d:\паша\c++ projects\лабы по япам\лаба 5\notepad\notepad\x64\debug\notepad.tlog\uic.read.1u.tlog
d:\паша\c++ projects\лабы по япам\лаба 5\notepad\notepad\x64\debug\notepad.tlog\uic.write.1u.tlog
