16:08:03 13.11.2021: deleted \n
16:08:03 13.11.2021: added \n
16:08:06 13.11.2021: deleted \t
16:08:07 13.11.2021: added \t
16:08:08 13.11.2021: saved
16:08:44 13.11.2021: deleted \t
16:08:44 13.11.2021: added "v"
16:08:44 13.11.2021: added "d"
16:08:44 13.11.2021: added "f"
16:08:48 13.11.2021: saved
16:09:07 13.11.2021: deleted "dbfxcdfv"
16:09:42 13.11.2021: added "Example"
16:09:48 13.11.2021: saved
23:43:02 13.11.2021: added "v"
23:43:20 13.11.2021: saved15:27:48 15.11.2021: deleted "h,vpashaovkmlvfcxlndfv                dgasfffffffffffffffffffffffffffffffffffffffffffffffffffffffff                                   gsdfvzfvffvf
idvfbfbffgbtTESTPERENOSASTROKI
ffhvh TESTTABAvdf	vf
hkuhkjmvdx
vsdx
vdfv
gdvfxc drvfx
Example

sdfvsgdfsg
















"
15:32:39 15.11.2021: deleted "vpashaovfokmlvfcxlndfv"
15:32:40 15.11.2021: added "vpashaovfokmlvfcxlndfv"
15:32:45 15.11.2021: added "vpashaovfokmlvfcxlndfv"
15:32:48 15.11.2021: deleted "vpashaovfokmlvfcxlndfv"
15:32:49 15.11.2021: added "vpashaovfokmlvfcxlndfv"
15:33:08 15.11.2021: added "j"
15:33:08 15.11.2021: added "b"
15:33:08 15.11.2021: added "j"
15:33:08 15.11.2021: added "k"
15:33:08 15.11.2021: added "b"
15:33:08 15.11.2021: added "j"
15:33:10 15.11.2021: saved
15:33:38 15.11.2021: deleted "jbjkbj"
15:33:42 15.11.2021: added "jbjkbj"
15:34:15 15.11.2021: added "vpashaovfokmlvfcxlndfv"
15:34:22 15.11.2021: deleted "vpashaovfokmlvfcxlndfv"
15:34:24 15.11.2021: added "vpashaovfokmlvfcxlndfv"
15:34:31 15.11.2021: deleted "vpashaovfokmlvfcxlndfv"
15:35:51 15.11.2021: added "vpashaovfokmlvfcxlndfv"
15:37:54 15.11.2021: "
